<?xml version="1.0" encoding="UTF-8"?>
<testsuite xmlns:xsi="http://www.w3.org/2001/XMLSchema-instance" xsi:noNamespaceSchemaLocation="https://maven.apache.org/surefire/maven-surefire-plugin/xsd/surefire-test-report-3.0.xsd" version="3.0" name="TestSuite" time="26.668" tests="4" errors="0" skipped="0" failures="2">
  <properties>
[...]
</properties>
  <testcase name="ValidateGoogleImagePage" classname="com.TestCases.ImageSearch_TC_003" time="0.115">
    <system-out><![CDATA[ INFO [TestNG-test=Test-2] (LogFile.java:14)- Test Environment setUp
 INFO [TestNG-test=Test-3] (LogFile.java:14)- Test Environment setUp
 INFO [TestNG-test=Test-1] (LogFile.java:14)- Test Environment setUp
 WARN [TestNG-test=Test-2] (LogFile.java:20)- ---Getting file---
 WARN [TestNG-test=Test-2] (LogFile.java:20)- ---File loaded Successfully----
 WARN [TestNG-test=Test-3] (LogFile.java:20)- ---Getting file---
 WARN [TestNG-test=Test-1] (LogFile.java:20)- ---Getting file---
 WARN [TestNG-test=Test-3] (LogFile.java:20)- ---File loaded Successfully----
 WARN [TestNG-test=Test-1] (LogFile.java:20)- ---File loaded Successfully----
ERROR [TestNG-test=Test-1] (LogFile.java:26)- ---Edge Opened Successfully---
ERROR [TestNG-test=Test-2] (LogFile.java:26)- ---Edge Opened Successfully---
ERROR [TestNG-test=Test-3] (LogFile.java:26)- ---Edge Opened Successfully---
FATAL [TestNG-test=Test-1] (LogFile.java:32)- ---Url laaunched Successfully---
FATAL [TestNG-test=Test-2] (LogFile.java:32)- ---Url laaunched Successfully---
FATAL [TestNG-test=Test-3] (LogFile.java:32)- ---Url laaunched Successfully---
Displayed
ValidateGoogleImagePage
]]></system-out>
    <system-err><![CDATA[log4j:WARN No such property [locatioInfo] in org.apache.log4j.HTMLLayout.
log4j:WARN No such property [locatioInfo] in org.apache.log4j.HTMLLayout.
log4j:WARN No such property [locatioInfo] in org.apache.log4j.HTMLLayout.
log4j:WARN No such property [locatioInfo] in org.apache.log4j.HTMLLayout.
log4j:WARN No such property [locatioInfo] in org.apache.log4j.HTMLLayout.
log4j:WARN No such property [locatioInfo] in org.apache.log4j.HTMLLayout.
log4j:WARN No such property [locatioInfo] in org.apache.log4j.HTMLLayout.
log4j:WARN No such property [locatioInfo] in org.apache.log4j.HTMLLayout.
SLF4J: Failed to load class "org.slf4j.impl.StaticLoggerBinder".
SLF4J: Defaulting to no-operation (NOP) logger implementation
SLF4J: See http://www.slf4j.org/codes.html#StaticLoggerBinder for further details.
log4j:WARN No such property [locatioInfo] in org.apache.log4j.HTMLLayout.
log4j:WARN No such property [locatioInfo] in org.apache.log4j.HTMLLayout.
Starting Microsoft Edge WebDriver 114.0.1823.43 (ef5b3acd8c1da336e811e5d8552a61c0965816bb) on port 54969
To submit feedback, report a bug, or suggest new features, please visit https://github.com/MicrosoftEdge/EdgeWebDriver

Only local connections are allowed.
Please see https://aka.ms/WebDriverSecurity for suggestions on keeping Microsoft Edge WebDriver safe.

Starting Microsoft Edge WebDriver 114.0.1823.43 (ef5b3acd8c1da336e811e5d8552a61c0965816bb) on port 64847
To submit feedback, report a bug, or suggest new features, please visit https://github.com/MicrosoftEdge/EdgeWebDriver

Only local connections are allowed.
Please see https://aka.ms/WebDriverSecurity for suggestions on keeping Microsoft Edge WebDriver safe.

Starting Microsoft Edge WebDriver 114.0.1823.43 (ef5b3acd8c1da336e811e5d8552a61c0965816bb) on port 45308
To submit feedback, report a bug, or suggest new features, please visit https://github.com/MicrosoftEdge/EdgeWebDriver

Only local connections are allowed.
Please see https://aka.ms/WebDriverSecurity for suggestions on keeping Microsoft Edge WebDriver safe.

Microsoft Edge WebDriver was started successfully.
Jun 16, 2023 11:21:51 AM org.openqa.selenium.remote.ProtocolHandshake createSession
INFO: Detected dialect: W3C
log4j:WARN No such property [locatioInfo] in org.apache.log4j.HTMLLayout.
Microsoft Edge WebDriver was started successfully.
Microsoft Edge WebDriver was started successfully.
Jun 16, 2023 11:21:53 AM org.openqa.selenium.remote.ProtocolHandshake createSession
INFO: Detected dialect: W3C
Jun 16, 2023 11:21:53 AM org.openqa.selenium.remote.ProtocolHandshake createSession
INFO: Detected dialect: W3C
log4j:WARN No such property [locatioInfo] in org.apache.log4j.HTMLLayout.
log4j:WARN No such property [locatioInfo] in org.apache.log4j.HTMLLayout.
log4j:WARN No such property [locatioInfo] in org.apache.log4j.HTMLLayout.
log4j:WARN No such property [locatioInfo] in org.apache.log4j.HTMLLayout.
log4j:WARN No such property [locatioInfo] in org.apache.log4j.HTMLLayout.
]]></system-err>
  </testcase>
  <testcase name="imageSearch" classname="com.TestCases.ImageSearch_TC_003" time="16.754">
    <system-out><![CDATA[Robot Method
 INFO [TestNG-test=Test-3] (LogFile.java:14)- image Search Test is passed
]]></system-out>
    <system-err><![CDATA[log4j:WARN No such property [locatioInfo] in org.apache.log4j.HTMLLayout.
]]></system-err>
  </testcase>
  <testcase name="SearchFunctionality" classname="com.TestCases.SearchFunctionality_TC_001" time="1.563">
    <failure message="no such element: Unable to locate element: {&quot;method&quot;:&quot;xpath&quot;,&quot;selector&quot;:&quot;//textarea[@value=&apos;Amazon&apos;]&quot;}&#10;  (Session info: MicrosoftEdge=114.0.1823.43)&#10;For documentation on this error, please visit: https://www.seleniumhq.org/exceptions/no_such_element.html&#10;Build info: version: &apos;3.141.59&apos;, revision: &apos;e82be7d358&apos;, time: &apos;2018-11-14T08:17:03&apos;&#10;System info: host: &apos;KAIROSHW0452&apos;, ip: &apos;192.168.1.36&apos;, os.name: &apos;Windows 11&apos;, os.arch: &apos;amd64&apos;, os.version: &apos;10.0&apos;, java.version: &apos;18.0.2.1&apos;&#10;Driver info: org.openqa.selenium.edge.EdgeDriver&#10;Capabilities {acceptInsecureCerts: false, browserName: msedge, browserVersion: 114.0.1823.43, javascriptEnabled: true, ms:edgeOptions: {debuggerAddress: localhost:50422}, msedge: {msedgedriverVersion: 114.0.1823.43 (ef5b3acd8c1d..., userDataDir: C:\Users\VCVMAN~1\AppData\L...}, networkConnectionEnabled: false, pageLoadStrategy: normal, platform: WINDOWS, platformName: WINDOWS, proxy: Proxy(), setWindowRect: true, strictFileInteractability: false, timeouts: {implicit: 0, pageLoad: 300000, script: 30000}, unhandledPromptBehavior: dismiss and notify, webauthn:extension:credBlob: true, webauthn:extension:largeBlob: true, webauthn:extension:minPinLength: true, webauthn:extension:prf: true, webauthn:virtualAuthenticators: true}&#10;Session ID: e2d1fc10a82ca3563ca75618e0d5385a&#10;*** Element info: {Using=xpath, value=//textarea[@value=&apos;Amazon&apos;]}" type="org.openqa.selenium.NoSuchElementException"><![CDATA[org.openqa.selenium.NoSuchElementException: 
no such element: Unable to locate element: {"method":"xpath","selector":"//textarea[@value='Amazon']"}
  (Session info: MicrosoftEdge=114.0.1823.43)
For documentation on this error, please visit: https://www.seleniumhq.org/exceptions/no_such_element.html
Build info: version: '3.141.59', revision: 'e82be7d358', time: '2018-11-14T08:17:03'
System info: host: 'KAIROSHW0452', ip: '192.168.1.36', os.name: 'Windows 11', os.arch: 'amd64', os.version: '10.0', java.version: '18.0.2.1'
Driver info: org.openqa.selenium.edge.EdgeDriver
Capabilities {acceptInsecureCerts: false, browserName: msedge, browserVersion: 114.0.1823.43, javascriptEnabled: true, ms:edgeOptions: {debuggerAddress: localhost:50422}, msedge: {msedgedriverVersion: 114.0.1823.43 (ef5b3acd8c1d..., userDataDir: C:\Users\VCVMAN~1\AppData\L...}, networkConnectionEnabled: false, pageLoadStrategy: normal, platform: WINDOWS, platformName: WINDOWS, proxy: Proxy(), setWindowRect: true, strictFileInteractability: false, timeouts: {implicit: 0, pageLoad: 300000, script: 30000}, unhandledPromptBehavior: dismiss and notify, webauthn:extension:credBlob: true, webauthn:extension:largeBlob: true, webauthn:extension:minPinLength: true, webauthn:extension:prf: true, webauthn:virtualAuthenticators: true}
Session ID: e2d1fc10a82ca3563ca75618e0d5385a
*** Element info: {Using=xpath, value=//textarea[@value='Amazon']}
	at java.base/jdk.internal.reflect.DirectConstructorHandleAccessor.newInstance(DirectConstructorHandleAccessor.java:67)
	at java.base/java.lang.reflect.Constructor.newInstanceWithCaller(Constructor.java:499)
	at java.base/java.lang.reflect.Constructor.newInstance(Constructor.java:483)
	at org.openqa.selenium.remote.http.W3CHttpResponseCodec.createException(W3CHttpResponseCodec.java:187)
	at org.openqa.selenium.remote.http.W3CHttpResponseCodec.decode(W3CHttpResponseCodec.java:122)
	at org.openqa.selenium.remote.http.W3CHttpResponseCodec.decode(W3CHttpResponseCodec.java:49)
	at org.openqa.selenium.remote.HttpCommandExecutor.execute(HttpCommandExecutor.java:158)
	at org.openqa.selenium.remote.service.DriverCommandExecutor.execute(DriverCommandExecutor.java:83)
	at org.openqa.selenium.remote.RemoteWebDriver.execute(RemoteWebDriver.java:552)
	at org.openqa.selenium.remote.RemoteWebDriver.findElement(RemoteWebDriver.java:323)
	at org.openqa.selenium.remote.RemoteWebDriver.findElementByXPath(RemoteWebDriver.java:428)
	at org.openqa.selenium.By$ByXPath.findElement(By.java:353)
	at org.openqa.selenium.remote.RemoteWebDriver.findElement(RemoteWebDriver.java:315)
	at org.openqa.selenium.support.pagefactory.DefaultElementLocator.findElement(DefaultElementLocator.java:69)
	at org.openqa.selenium.support.pagefactory.internal.LocatingElementHandler.invoke(LocatingElementHandler.java:38)
	at jdk.proxy2/jdk.proxy2.$Proxy10.getAttribute(Unknown Source)
	at com.Utilities.Validations.contains(Validations.java:15)
	at com.PomPages.SearchFunctionality.validateSearchReuslts(SearchFunctionality.java:52)
	at com.TestCases.SearchFunctionality_TC_001.SearchFunctionality(SearchFunctionality_TC_001.java:22)
	at java.base/jdk.internal.reflect.DirectMethodHandleAccessor.invoke(DirectMethodHandleAccessor.java:104)
	at java.base/java.lang.reflect.Method.invoke(Method.java:577)
	at org.testng.internal.MethodInvocationHelper.invokeMethod(MethodInvocationHelper.java:133)
	at org.testng.internal.TestInvoker.invokeMethod(TestInvoker.java:598)
	at org.testng.internal.TestInvoker.invokeTestMethod(TestInvoker.java:173)
	at org.testng.internal.MethodRunner.runInSequence(MethodRunner.java:46)
	at org.testng.internal.TestInvoker$MethodInvocationAgent.invoke(TestInvoker.java:824)
	at org.testng.internal.TestInvoker.invokeTestMethods(TestInvoker.java:146)
	at org.testng.internal.TestMethodWorker.invokeTestMethods(TestMethodWorker.java:146)
	at org.testng.internal.TestMethodWorker.run(TestMethodWorker.java:128)
	at java.base/java.util.concurrent.ThreadPoolExecutor.runWorker(ThreadPoolExecutor.java:1136)
	at java.base/java.util.concurrent.ThreadPoolExecutor$Worker.run(ThreadPoolExecutor.java:635)
	at java.base/java.lang.Thread.run(Thread.java:833)
]]></failure>
    <system-out><![CDATA[Robot Method
]]></system-out>
  </testcase>
  <testcase name="searchSuggestions" classname="com.TestCases.SearchSuggestions_TC_002" time="5.672">
    <failure message="no such element: Unable to locate element: {&quot;method&quot;:&quot;xpath&quot;,&quot;selector&quot;:&quot;//textarea[@value=&quot;amazon&quot;]&quot;}&#10;  (Session info: MicrosoftEdge=114.0.1823.43)&#10;For documentation on this error, please visit: https://www.seleniumhq.org/exceptions/no_such_element.html&#10;Build info: version: &apos;3.141.59&apos;, revision: &apos;e82be7d358&apos;, time: &apos;2018-11-14T08:17:03&apos;&#10;System info: host: &apos;KAIROSHW0452&apos;, ip: &apos;192.168.1.36&apos;, os.name: &apos;Windows 11&apos;, os.arch: &apos;amd64&apos;, os.version: &apos;10.0&apos;, java.version: &apos;18.0.2.1&apos;&#10;Driver info: org.openqa.selenium.edge.EdgeDriver&#10;Capabilities {acceptInsecureCerts: false, browserName: msedge, browserVersion: 114.0.1823.43, javascriptEnabled: true, ms:edgeOptions: {debuggerAddress: localhost:50452}, msedge: {msedgedriverVersion: 114.0.1823.43 (ef5b3acd8c1d..., userDataDir: C:\Users\VCVMAN~1\AppData\L...}, networkConnectionEnabled: false, pageLoadStrategy: normal, platform: WINDOWS, platformName: WINDOWS, proxy: Proxy(), setWindowRect: true, strictFileInteractability: false, timeouts: {implicit: 0, pageLoad: 300000, script: 30000}, unhandledPromptBehavior: dismiss and notify, webauthn:extension:credBlob: true, webauthn:extension:largeBlob: true, webauthn:extension:minPinLength: true, webauthn:extension:prf: true, webauthn:virtualAuthenticators: true}&#10;Session ID: bb96346bc4eb6efdc89726efbeb175e7&#10;*** Element info: {Using=xpath, value=//textarea[@value=&quot;amazon&quot;]}" type="org.openqa.selenium.NoSuchElementException"><![CDATA[org.openqa.selenium.NoSuchElementException: 
no such element: Unable to locate element: {"method":"xpath","selector":"//textarea[@value="amazon"]"}
  (Session info: MicrosoftEdge=114.0.1823.43)
For documentation on this error, please visit: https://www.seleniumhq.org/exceptions/no_such_element.html
Build info: version: '3.141.59', revision: 'e82be7d358', time: '2018-11-14T08:17:03'
System info: host: 'KAIROSHW0452', ip: '192.168.1.36', os.name: 'Windows 11', os.arch: 'amd64', os.version: '10.0', java.version: '18.0.2.1'
Driver info: org.openqa.selenium.edge.EdgeDriver
Capabilities {acceptInsecureCerts: false, browserName: msedge, browserVersion: 114.0.1823.43, javascriptEnabled: true, ms:edgeOptions: {debuggerAddress: localhost:50452}, msedge: {msedgedriverVersion: 114.0.1823.43 (ef5b3acd8c1d..., userDataDir: C:\Users\VCVMAN~1\AppData\L...}, networkConnectionEnabled: false, pageLoadStrategy: normal, platform: WINDOWS, platformName: WINDOWS, proxy: Proxy(), setWindowRect: true, strictFileInteractability: false, timeouts: {implicit: 0, pageLoad: 300000, script: 30000}, unhandledPromptBehavior: dismiss and notify, webauthn:extension:credBlob: true, webauthn:extension:largeBlob: true, webauthn:extension:minPinLength: true, webauthn:extension:prf: true, webauthn:virtualAuthenticators: true}
Session ID: bb96346bc4eb6efdc89726efbeb175e7
*** Element info: {Using=xpath, value=//textarea[@value="amazon"]}
	at java.base/jdk.internal.reflect.DirectConstructorHandleAccessor.newInstance(DirectConstructorHandleAccessor.java:67)
	at java.base/java.lang.reflect.Constructor.newInstanceWithCaller(Constructor.java:499)
	at java.base/java.lang.reflect.Constructor.newInstance(Constructor.java:483)
	at org.openqa.selenium.remote.http.W3CHttpResponseCodec.createException(W3CHttpResponseCodec.java:187)
	at org.openqa.selenium.remote.http.W3CHttpResponseCodec.decode(W3CHttpResponseCodec.java:122)
	at org.openqa.selenium.remote.http.W3CHttpResponseCodec.decode(W3CHttpResponseCodec.java:49)
	at org.openqa.selenium.remote.HttpCommandExecutor.execute(HttpCommandExecutor.java:158)
	at org.openqa.selenium.remote.service.DriverCommandExecutor.execute(DriverCommandExecutor.java:83)
	at org.openqa.selenium.remote.RemoteWebDriver.execute(RemoteWebDriver.java:552)
	at org.openqa.selenium.remote.RemoteWebDriver.findElement(RemoteWebDriver.java:323)
	at org.openqa.selenium.remote.RemoteWebDriver.findElementByXPath(RemoteWebDriver.java:428)
	at org.openqa.selenium.By$ByXPath.findElement(By.java:353)
	at org.openqa.selenium.remote.RemoteWebDriver.findElement(RemoteWebDriver.java:315)
	at org.openqa.selenium.support.pagefactory.DefaultElementLocator.findElement(DefaultElementLocator.java:69)
	at org.openqa.selenium.support.pagefactory.internal.LocatingElementHandler.invoke(LocatingElementHandler.java:38)
	at jdk.proxy2/jdk.proxy2.$Proxy10.isDisplayed(Unknown Source)
	at com.Utilities.Validations.Displayed(Validations.java:33)
	at com.PomPages.SearchSuggestions.validateSearchReuslts(SearchSuggestions.java:56)
	at com.TestCases.SearchSuggestions_TC_002.searchSuggestions(SearchSuggestions_TC_002.java:21)
	at java.base/jdk.internal.reflect.DirectMethodHandleAccessor.invoke(DirectMethodHandleAccessor.java:104)
	at java.base/java.lang.reflect.Method.invoke(Method.java:577)
	at org.testng.internal.MethodInvocationHelper.invokeMethod(MethodInvocationHelper.java:133)
	at org.testng.internal.TestInvoker.invokeMethod(TestInvoker.java:598)
	at org.testng.internal.TestInvoker.invokeTestMethod(TestInvoker.java:173)
	at org.testng.internal.MethodRunner.runInSequence(MethodRunner.java:46)
	at org.testng.internal.TestInvoker$MethodInvocationAgent.invoke(TestInvoker.java:824)
	at org.testng.internal.TestInvoker.invokeTestMethods(TestInvoker.java:146)
	at org.testng.internal.TestMethodWorker.invokeTestMethods(TestMethodWorker.java:146)
	at org.testng.internal.TestMethodWorker.run(TestMethodWorker.java:128)
	at java.base/java.util.concurrent.ThreadPoolExecutor.runWorker(ThreadPoolExecutor.java:1136)
	at java.base/java.util.concurrent.ThreadPoolExecutor$Worker.run(ThreadPoolExecutor.java:635)
	at java.base/java.lang.Thread.run(Thread.java:833)
]]></failure>
  </testcase>
</testsuite>