<?xml version="1.0" encoding="UTF-8"?>
<testng-results ignored="0" total="2" passed="2" failed="0" skipped="0">
  <reporter-output>
  </reporter-output>
  <suite started-at="2023-06-14T13:01:29 IST" name="Default suite" finished-at="2023-06-14T13:01:41 IST" duration-ms="12171">
    <groups>
    </groups>
    <test started-at="2023-06-14T13:01:29 IST" name="Default test" finished-at="2023-06-14T13:01:41 IST" duration-ms="12171">
      <class name="com.TestCases.SearchFunctionality_TC_001">
        <test-method is-config="true" signature="setUp()[pri:0, instance:com.TestCases.SearchFunctionality_TC_001@38467116]" started-at="2023-06-14T13:01:29 IST" name="setUp" finished-at="2023-06-14T13:01:36 IST" duration-ms="7647" status="PASS">
          <reporter-output>
          </reporter-output>
        </test-method> <!-- setUp -->
        <test-method signature="SearchFunctionality()[pri:0, instance:com.TestCases.SearchFunctionality_TC_001@38467116]" started-at="2023-06-14T13:01:36 IST" name="SearchFunctionality" finished-at="2023-06-14T13:01:41 IST" duration-ms="4213" status="PASS">
          <reporter-output>
          </reporter-output>
        </test-method> <!-- SearchFunctionality -->
        <test-method signature="validations()[pri:0, instance:com.TestCases.SearchFunctionality_TC_001@38467116]" started-at="2023-06-14T13:01:41 IST" name="validations" finished-at="2023-06-14T13:01:41 IST" duration-ms="254" status="PASS">
          <reporter-output>
          </reporter-output>
        </test-method> <!-- validations -->
        <test-method is-config="true" signature="tearDown()[pri:0, instance:com.TestCases.SearchFunctionality_TC_001@38467116]" started-at="2023-06-14T13:01:41 IST" name="tearDown" finished-at="2023-06-14T13:01:41 IST" duration-ms="0" status="PASS">
          <reporter-output>
          </reporter-output>
        </test-method> <!-- tearDown -->
      </class> <!-- com.TestCases.SearchFunctionality_TC_001 -->
    </test> <!-- Default test -->
  </suite> <!-- Default suite -->
</testng-results>
